<?xml version="1.0" encoding="UTF-8"?>
<testng-results ignored="0" total="1" passed="1" failed="0" skipped="0">
  <reporter-output>
  </reporter-output>
  <suite started-at="2024-08-01T15:01:55 CEST" name="Surefire suite" finished-at="2024-08-01T15:01:55 CEST" duration-ms="44">
    <groups>
    </groups>
    <test started-at="2024-08-01T15:01:55 CEST" name="Surefire test" finished-at="2024-08-01T15:01:55 CEST" duration-ms="44">
      <class name="com.example.BookTest">
        <test-method signature="testGetAge()[pri:0, instance:com.example.BookTest@74294adb]" started-at="2024-08-01T15:01:55 CEST" name="testGetAge" finished-at="2024-08-01T15:01:55 CEST" duration-ms="15" status="PASS">
          <reporter-output>
          </reporter-output>
        </test-method> <!-- testGetAge -->
      </class> <!-- com.example.BookTest -->
    </test> <!-- Surefire test -->
  </suite> <!-- Surefire suite -->
</testng-results>
